<?xml version="1.0" encoding="UTF-8"?>
<testsuite xmlns:xsi="http://www.w3.org/2001/XMLSchema-instance" xsi:noNamespaceSchemaLocation="https://maven.apache.org/surefire/maven-surefire-plugin/xsd/surefire-test-report.xsd" name="com.jenkins.lab.UnitTest.PalindromeTest" time="0" tests="3" errors="0" skipped="0" failures="0">
  <properties>
[...]
</properties>
  <testcase name="isNotPalindrome" classname="com.jenkins.lab.UnitTest.PalindromeTest" time="0"/>
  <testcase name="whenEmptyString" classname="com.jenkins.lab.UnitTest.PalindromeTest" time="0"/>
  <testcase name="isNotPalindromeException" classname="com.jenkins.lab.UnitTest.PalindromeTest" time="0"/>
</testsuite>